  Display.c
C:\Zexceed\# LSP\InputNilai\Input.c(24,5): error C4996: 'scanf': This function or variable may be unsafe. Consider using scanf_s instead. To disable deprecation, use _CRT_SECURE_NO_WARNINGS. See online help for details.
C:\Zexceed\# LSP\InputNilai\Input.c(26,5): error C4996: 'scanf': This function or variable may be unsafe. Consider using scanf_s instead. To disable deprecation, use _CRT_SECURE_NO_WARNINGS. See online help for details.
C:\Zexceed\# LSP\InputNilai\Input.c(27,5): error C4996: 'scanf': This function or variable may be unsafe. Consider using scanf_s instead. To disable deprecation, use _CRT_SECURE_NO_WARNINGS. See online help for details.
C:\Zexceed\# LSP\InputNilai\Input.c(41,5): error C4996: 'scanf': This function or variable may be unsafe. Consider using scanf_s instead. To disable deprecation, use _CRT_SECURE_NO_WARNINGS. See online help for details.
C:\Zexceed\# LSP\InputNilai\Input.c(50,5): error C4996: 'scanf': This function or variable may be unsafe. Consider using scanf_s instead. To disable deprecation, use _CRT_SECURE_NO_WARNINGS. See online help for details.
C:\Zexceed\# LSP\InputNilai\Input.c(89,5): error C4996: 'scanf': This function or variable may be unsafe. Consider using scanf_s instead. To disable deprecation, use _CRT_SECURE_NO_WARNINGS. See online help for details.
C:\Zexceed\# LSP\InputNilai\Input.c(90,5): error C4996: 'scanf': This function or variable may be unsafe. Consider using scanf_s instead. To disable deprecation, use _CRT_SECURE_NO_WARNINGS. See online help for details.
C:\Zexceed\# LSP\InputNilai\Sorting.c(10,21): error C2057: expected constant expression
C:\Zexceed\# LSP\InputNilai\Sorting.c(10,21): error C2466: cannot allocate an array of constant size 0
C:\Zexceed\# LSP\InputNilai\Sorting.c(10,22): error C2133: 'L': unknown size
C:\Zexceed\# LSP\InputNilai\Sorting.c(10,28): error C2057: expected constant expression
C:\Zexceed\# LSP\InputNilai\Sorting.c(10,28): error C2466: cannot allocate an array of constant size 0
C:\Zexceed\# LSP\InputNilai\Sorting.c(10,29): error C2133: 'R': unknown size
C:\Zexceed\# LSP\InputNilai\Sorting.c(14,9): error C4996: 'strcpy': This function or variable may be unsafe. Consider using strcpy_s instead. To disable deprecation, use _CRT_SECURE_NO_WARNINGS. See online help for details.
C:\Zexceed\# LSP\InputNilai\Sorting.c(21,9): error C4996: 'strcpy': This function or variable may be unsafe. Consider using strcpy_s instead. To disable deprecation, use _CRT_SECURE_NO_WARNINGS. See online help for details.
C:\Zexceed\# LSP\InputNilai\Sorting.c(37,17): error C4996: 'strcpy': This function or variable may be unsafe. Consider using strcpy_s instead. To disable deprecation, use _CRT_SECURE_NO_WARNINGS. See online help for details.
C:\Zexceed\# LSP\InputNilai\Sorting.c(45,17): error C4996: 'strcpy': This function or variable may be unsafe. Consider using strcpy_s instead. To disable deprecation, use _CRT_SECURE_NO_WARNINGS. See online help for details.
C:\Zexceed\# LSP\InputNilai\Sorting.c(60,17): error C4996: 'strcpy': This function or variable may be unsafe. Consider using strcpy_s instead. To disable deprecation, use _CRT_SECURE_NO_WARNINGS. See online help for details.
C:\Zexceed\# LSP\InputNilai\Sorting.c(68,17): error C4996: 'strcpy': This function or variable may be unsafe. Consider using strcpy_s instead. To disable deprecation, use _CRT_SECURE_NO_WARNINGS. See online help for details.
C:\Zexceed\# LSP\InputNilai\Sorting.c(98,17): error C4996: 'strcpy': This function or variable may be unsafe. Consider using strcpy_s instead. To disable deprecation, use _CRT_SECURE_NO_WARNINGS. See online help for details.
C:\Zexceed\# LSP\InputNilai\Sorting.c(113,21): error C4996: 'strcpy': This function or variable may be unsafe. Consider using strcpy_s instead. To disable deprecation, use _CRT_SECURE_NO_WARNINGS. See online help for details.
C:\Zexceed\# LSP\InputNilai\Sorting.c(127,9): error C4996: 'strcpy': This function or variable may be unsafe. Consider using strcpy_s instead. To disable deprecation, use _CRT_SECURE_NO_WARNINGS. See online help for details.
C:\Zexceed\# LSP\InputNilai\Sorting.c(136,9): error C4996: 'strcpy': This function or variable may be unsafe. Consider using strcpy_s instead. To disable deprecation, use _CRT_SECURE_NO_WARNINGS. See online help for details.
C:\Zexceed\# LSP\InputNilai\Display.c(33,9): error C4996: 'scanf': This function or variable may be unsafe. Consider using scanf_s instead. To disable deprecation, use _CRT_SECURE_NO_WARNINGS. See online help for details.
C:\Zexceed\# LSP\InputNilai\Display.c(49,9): error C4996: 'scanf': This function or variable may be unsafe. Consider using scanf_s instead. To disable deprecation, use _CRT_SECURE_NO_WARNINGS. See online help for details.
C:\Zexceed\# LSP\InputNilai\Display.c(50,9): error C4996: 'scanf': This function or variable may be unsafe. Consider using scanf_s instead. To disable deprecation, use _CRT_SECURE_NO_WARNINGS. See online help for details.
C:\Zexceed\# LSP\InputNilai\Display.c(77,5): error C4996: 'scanf': This function or variable may be unsafe. Consider using scanf_s instead. To disable deprecation, use _CRT_SECURE_NO_WARNINGS. See online help for details.
  Edit.c
C:\Zexceed\# LSP\InputNilai\Input.c(24,5): error C4996: 'scanf': This function or variable may be unsafe. Consider using scanf_s instead. To disable deprecation, use _CRT_SECURE_NO_WARNINGS. See online help for details.
C:\Zexceed\# LSP\InputNilai\Input.c(26,5): error C4996: 'scanf': This function or variable may be unsafe. Consider using scanf_s instead. To disable deprecation, use _CRT_SECURE_NO_WARNINGS. See online help for details.
C:\Zexceed\# LSP\InputNilai\Input.c(27,5): error C4996: 'scanf': This function or variable may be unsafe. Consider using scanf_s instead. To disable deprecation, use _CRT_SECURE_NO_WARNINGS. See online help for details.
C:\Zexceed\# LSP\InputNilai\Input.c(41,5): error C4996: 'scanf': This function or variable may be unsafe. Consider using scanf_s instead. To disable deprecation, use _CRT_SECURE_NO_WARNINGS. See online help for details.
C:\Zexceed\# LSP\InputNilai\Input.c(50,5): error C4996: 'scanf': This function or variable may be unsafe. Consider using scanf_s instead. To disable deprecation, use _CRT_SECURE_NO_WARNINGS. See online help for details.
C:\Zexceed\# LSP\InputNilai\Input.c(89,5): error C4996: 'scanf': This function or variable may be unsafe. Consider using scanf_s instead. To disable deprecation, use _CRT_SECURE_NO_WARNINGS. See online help for details.
C:\Zexceed\# LSP\InputNilai\Input.c(90,5): error C4996: 'scanf': This function or variable may be unsafe. Consider using scanf_s instead. To disable deprecation, use _CRT_SECURE_NO_WARNINGS. See online help for details.
C:\Zexceed\# LSP\InputNilai\Sorting.c(10,21): error C2057: expected constant expression
C:\Zexceed\# LSP\InputNilai\Sorting.c(10,21): error C2466: cannot allocate an array of constant size 0
C:\Zexceed\# LSP\InputNilai\Sorting.c(10,22): error C2133: 'L': unknown size
C:\Zexceed\# LSP\InputNilai\Sorting.c(10,28): error C2057: expected constant expression
C:\Zexceed\# LSP\InputNilai\Sorting.c(10,28): error C2466: cannot allocate an array of constant size 0
C:\Zexceed\# LSP\InputNilai\Sorting.c(10,29): error C2133: 'R': unknown size
C:\Zexceed\# LSP\InputNilai\Sorting.c(14,9): error C4996: 'strcpy': This function or variable may be unsafe. Consider using strcpy_s instead. To disable deprecation, use _CRT_SECURE_NO_WARNINGS. See online help for details.
C:\Zexceed\# LSP\InputNilai\Sorting.c(21,9): error C4996: 'strcpy': This function or variable may be unsafe. Consider using strcpy_s instead. To disable deprecation, use _CRT_SECURE_NO_WARNINGS. See online help for details.
C:\Zexceed\# LSP\InputNilai\Sorting.c(37,17): error C4996: 'strcpy': This function or variable may be unsafe. Consider using strcpy_s instead. To disable deprecation, use _CRT_SECURE_NO_WARNINGS. See online help for details.
C:\Zexceed\# LSP\InputNilai\Sorting.c(45,17): error C4996: 'strcpy': This function or variable may be unsafe. Consider using strcpy_s instead. To disable deprecation, use _CRT_SECURE_NO_WARNINGS. See online help for details.
C:\Zexceed\# LSP\InputNilai\Sorting.c(60,17): error C4996: 'strcpy': This function or variable may be unsafe. Consider using strcpy_s instead. To disable deprecation, use _CRT_SECURE_NO_WARNINGS. See online help for details.
C:\Zexceed\# LSP\InputNilai\Sorting.c(68,17): error C4996: 'strcpy': This function or variable may be unsafe. Consider using strcpy_s instead. To disable deprecation, use _CRT_SECURE_NO_WARNINGS. See online help for details.
C:\Zexceed\# LSP\InputNilai\Sorting.c(98,17): error C4996: 'strcpy': This function or variable may be unsafe. Consider using strcpy_s instead. To disable deprecation, use _CRT_SECURE_NO_WARNINGS. See online help for details.
C:\Zexceed\# LSP\InputNilai\Sorting.c(113,21): error C4996: 'strcpy': This function or variable may be unsafe. Consider using strcpy_s instead. To disable deprecation, use _CRT_SECURE_NO_WARNINGS. See online help for details.
C:\Zexceed\# LSP\InputNilai\Sorting.c(127,9): error C4996: 'strcpy': This function or variable may be unsafe. Consider using strcpy_s instead. To disable deprecation, use _CRT_SECURE_NO_WARNINGS. See online help for details.
C:\Zexceed\# LSP\InputNilai\Sorting.c(136,9): error C4996: 'strcpy': This function or variable may be unsafe. Consider using strcpy_s instead. To disable deprecation, use _CRT_SECURE_NO_WARNINGS. See online help for details.
C:\Zexceed\# LSP\InputNilai\Display.c(33,9): error C4996: 'scanf': This function or variable may be unsafe. Consider using scanf_s instead. To disable deprecation, use _CRT_SECURE_NO_WARNINGS. See online help for details.
C:\Zexceed\# LSP\InputNilai\Display.c(49,9): error C4996: 'scanf': This function or variable may be unsafe. Consider using scanf_s instead. To disable deprecation, use _CRT_SECURE_NO_WARNINGS. See online help for details.
C:\Zexceed\# LSP\InputNilai\Display.c(50,9): error C4996: 'scanf': This function or variable may be unsafe. Consider using scanf_s instead. To disable deprecation, use _CRT_SECURE_NO_WARNINGS. See online help for details.
C:\Zexceed\# LSP\InputNilai\Display.c(77,5): error C4996: 'scanf': This function or variable may be unsafe. Consider using scanf_s instead. To disable deprecation, use _CRT_SECURE_NO_WARNINGS. See online help for details.
C:\Zexceed\# LSP\InputNilai\Edit.c(11,5): error C4996: 'scanf': This function or variable may be unsafe. Consider using scanf_s instead. To disable deprecation, use _CRT_SECURE_NO_WARNINGS. See online help for details.
C:\Zexceed\# LSP\InputNilai\Edit.c(12,5): error C4996: 'scanf': This function or variable may be unsafe. Consider using scanf_s instead. To disable deprecation, use _CRT_SECURE_NO_WARNINGS. See online help for details.
C:\Zexceed\# LSP\InputNilai\Edit.c(29,9): error C4996: 'scanf': This function or variable may be unsafe. Consider using scanf_s instead. To disable deprecation, use _CRT_SECURE_NO_WARNINGS. See online help for details.
C:\Zexceed\# LSP\InputNilai\Edit.c(38,9): error C4996: 'scanf': This function or variable may be unsafe. Consider using scanf_s instead. To disable deprecation, use _CRT_SECURE_NO_WARNINGS. See online help for details.
C:\Zexceed\# LSP\InputNilai\Edit.c(48,9): error C4996: 'scanf': This function or variable may be unsafe. Consider using scanf_s instead. To disable deprecation, use _CRT_SECURE_NO_WARNINGS. See online help for details.
C:\Zexceed\# LSP\InputNilai\Edit.c(49,9): error C4996: 'scanf': This function or variable may be unsafe. Consider using scanf_s instead. To disable deprecation, use _CRT_SECURE_NO_WARNINGS. See online help for details.
  Input.c
C:\Zexceed\# LSP\InputNilai\Input.c(24,5): error C4996: 'scanf': This function or variable may be unsafe. Consider using scanf_s instead. To disable deprecation, use _CRT_SECURE_NO_WARNINGS. See online help for details.
C:\Zexceed\# LSP\InputNilai\Input.c(26,5): error C4996: 'scanf': This function or variable may be unsafe. Consider using scanf_s instead. To disable deprecation, use _CRT_SECURE_NO_WARNINGS. See online help for details.
C:\Zexceed\# LSP\InputNilai\Input.c(27,5): error C4996: 'scanf': This function or variable may be unsafe. Consider using scanf_s instead. To disable deprecation, use _CRT_SECURE_NO_WARNINGS. See online help for details.
C:\Zexceed\# LSP\InputNilai\Input.c(41,5): error C4996: 'scanf': This function or variable may be unsafe. Consider using scanf_s instead. To disable deprecation, use _CRT_SECURE_NO_WARNINGS. See online help for details.
C:\Zexceed\# LSP\InputNilai\Input.c(50,5): error C4996: 'scanf': This function or variable may be unsafe. Consider using scanf_s instead. To disable deprecation, use _CRT_SECURE_NO_WARNINGS. See online help for details.
C:\Zexceed\# LSP\InputNilai\Input.c(89,5): error C4996: 'scanf': This function or variable may be unsafe. Consider using scanf_s instead. To disable deprecation, use _CRT_SECURE_NO_WARNINGS. See online help for details.
C:\Zexceed\# LSP\InputNilai\Input.c(90,5): error C4996: 'scanf': This function or variable may be unsafe. Consider using scanf_s instead. To disable deprecation, use _CRT_SECURE_NO_WARNINGS. See online help for details.
  main.c
C:\Zexceed\# LSP\InputNilai\main.c(1,10): fatal error C1083: Cannot open include file: 'unistd.h': No such file or directory
  Sorting.c
C:\Zexceed\# LSP\InputNilai\Input.c(24,5): error C4996: 'scanf': This function or variable may be unsafe. Consider using scanf_s instead. To disable deprecation, use _CRT_SECURE_NO_WARNINGS. See online help for details.
C:\Zexceed\# LSP\InputNilai\Input.c(26,5): error C4996: 'scanf': This function or variable may be unsafe. Consider using scanf_s instead. To disable deprecation, use _CRT_SECURE_NO_WARNINGS. See online help for details.
C:\Zexceed\# LSP\InputNilai\Input.c(27,5): error C4996: 'scanf': This function or variable may be unsafe. Consider using scanf_s instead. To disable deprecation, use _CRT_SECURE_NO_WARNINGS. See online help for details.
C:\Zexceed\# LSP\InputNilai\Input.c(41,5): error C4996: 'scanf': This function or variable may be unsafe. Consider using scanf_s instead. To disable deprecation, use _CRT_SECURE_NO_WARNINGS. See online help for details.
C:\Zexceed\# LSP\InputNilai\Input.c(50,5): error C4996: 'scanf': This function or variable may be unsafe. Consider using scanf_s instead. To disable deprecation, use _CRT_SECURE_NO_WARNINGS. See online help for details.
C:\Zexceed\# LSP\InputNilai\Input.c(89,5): error C4996: 'scanf': This function or variable may be unsafe. Consider using scanf_s instead. To disable deprecation, use _CRT_SECURE_NO_WARNINGS. See online help for details.
C:\Zexceed\# LSP\InputNilai\Input.c(90,5): error C4996: 'scanf': This function or variable may be unsafe. Consider using scanf_s instead. To disable deprecation, use _CRT_SECURE_NO_WARNINGS. See online help for details.
C:\Zexceed\# LSP\InputNilai\Sorting.c(10,21): error C2057: expected constant expression
C:\Zexceed\# LSP\InputNilai\Sorting.c(10,21): error C2466: cannot allocate an array of constant size 0
C:\Zexceed\# LSP\InputNilai\Sorting.c(10,22): error C2133: 'L': unknown size
C:\Zexceed\# LSP\InputNilai\Sorting.c(10,28): error C2057: expected constant expression
C:\Zexceed\# LSP\InputNilai\Sorting.c(10,28): error C2466: cannot allocate an array of constant size 0
C:\Zexceed\# LSP\InputNilai\Sorting.c(10,29): error C2133: 'R': unknown size
C:\Zexceed\# LSP\InputNilai\Sorting.c(14,9): error C4996: 'strcpy': This function or variable may be unsafe. Consider using strcpy_s instead. To disable deprecation, use _CRT_SECURE_NO_WARNINGS. See online help for details.
C:\Zexceed\# LSP\InputNilai\Sorting.c(21,9): error C4996: 'strcpy': This function or variable may be unsafe. Consider using strcpy_s instead. To disable deprecation, use _CRT_SECURE_NO_WARNINGS. See online help for details.
C:\Zexceed\# LSP\InputNilai\Sorting.c(37,17): error C4996: 'strcpy': This function or variable may be unsafe. Consider using strcpy_s instead. To disable deprecation, use _CRT_SECURE_NO_WARNINGS. See online help for details.
C:\Zexceed\# LSP\InputNilai\Sorting.c(45,17): error C4996: 'strcpy': This function or variable may be unsafe. Consider using strcpy_s instead. To disable deprecation, use _CRT_SECURE_NO_WARNINGS. See online help for details.
C:\Zexceed\# LSP\InputNilai\Sorting.c(60,17): error C4996: 'strcpy': This function or variable may be unsafe. Consider using strcpy_s instead. To disable deprecation, use _CRT_SECURE_NO_WARNINGS. See online help for details.
C:\Zexceed\# LSP\InputNilai\Sorting.c(68,17): error C4996: 'strcpy': This function or variable may be unsafe. Consider using strcpy_s instead. To disable deprecation, use _CRT_SECURE_NO_WARNINGS. See online help for details.
C:\Zexceed\# LSP\InputNilai\Sorting.c(98,17): error C4996: 'strcpy': This function or variable may be unsafe. Consider using strcpy_s instead. To disable deprecation, use _CRT_SECURE_NO_WARNINGS. See online help for details.
C:\Zexceed\# LSP\InputNilai\Sorting.c(113,21): error C4996: 'strcpy': This function or variable may be unsafe. Consider using strcpy_s instead. To disable deprecation, use _CRT_SECURE_NO_WARNINGS. See online help for details.
C:\Zexceed\# LSP\InputNilai\Sorting.c(127,9): error C4996: 'strcpy': This function or variable may be unsafe. Consider using strcpy_s instead. To disable deprecation, use _CRT_SECURE_NO_WARNINGS. See online help for details.
C:\Zexceed\# LSP\InputNilai\Sorting.c(136,9): error C4996: 'strcpy': This function or variable may be unsafe. Consider using strcpy_s instead. To disable deprecation, use _CRT_SECURE_NO_WARNINGS. See online help for details.
  Generating Code...
